Flow report for zxnext_UnAmiga
Fri May 08 08:25:39 2020
Quartus Prime Version 18.1.0 Build 625 09/12/2018 SJ Lite Edition


---------------------
; Table of Contents ;
---------------------
  1. Legal Notice
  2. Flow Summary
  3. Flow Settings
  4. Flow Non-Default Global Settings
  5. Flow Elapsed Time
  6. Flow OS Summary
  7. Flow Log
  8. Flow Messages
  9. Flow Suppressed Messages



----------------
; Legal Notice ;
----------------
Copyright (C) 2018  Intel Corporation. All rights reserved.
Your use of Intel Corporation's design tools, logic functions 
and other software and tools, and its AMPP partner logic 
functions, and any output files from any of the foregoing 
(including device programming or simulation files), and any 
associated documentation or information are expressly subject 
to the terms and conditions of the Intel Program License 
Subscription Agreement, the Intel Quartus Prime License Agreement,
the Intel FPGA IP License Agreement, or other applicable license
agreement, including, without limitation, that your use is for
the sole purpose of programming logic devices manufactured by
Intel and sold by Intel or its authorized distributors.  Please
refer to the applicable agreement for further details.



+----------------------------------------------------------------------------------+
; Flow Summary                                                                     ;
+------------------------------------+---------------------------------------------+
; Flow Status                        ; Successful - Fri May 08 08:25:26 2020       ;
; Quartus Prime Version              ; 18.1.0 Build 625 09/12/2018 SJ Lite Edition ;
; Revision Name                      ; zxnext_UnAmiga                              ;
; Top-level Entity Name              ; ZXNEXT_UnAmiga                              ;
; Family                             ; Cyclone IV E                                ;
; Device                             ; EP4CE22F17C8                                ;
; Timing Models                      ; Final                                       ;
; Total logic elements               ; 12,682 / 22,320 ( 57 % )                    ;
;     Total combinational functions  ; 11,821 / 22,320 ( 53 % )                    ;
;     Dedicated logic registers      ; 4,921 / 22,320 ( 22 % )                     ;
; Total registers                    ; 4921                                        ;
; Total pins                         ; 67 / 154 ( 44 % )                           ;
; Total virtual pins                 ; 0                                           ;
; Total memory bits                  ; 466,998 / 608,256 ( 77 % )                  ;
; Embedded Multiplier 9-bit elements ; 1 / 132 ( < 1 % )                           ;
; Total PLLs                         ; 1 / 4 ( 25 % )                              ;
+------------------------------------+---------------------------------------------+


+-----------------------------------------+
; Flow Settings                           ;
+-------------------+---------------------+
; Option            ; Setting             ;
+-------------------+---------------------+
; Start date & time ; 05/08/2020 08:19:56 ;
; Main task         ; Compilation         ;
; Revision Name     ; zxnext_UnAmiga      ;
+-------------------+---------------------+


+----------------------------------------------------------------------------------------------------------------------------+
; Flow Non-Default Global Settings                                                                                           ;
+-------------------------------------+----------------------------------------+---------------+----------------+------------+
; Assignment Name                     ; Value                                  ; Default Value ; Entity Name    ; Section Id ;
+-------------------------------------+----------------------------------------+---------------+----------------+------------+
; COMPILER_SIGNATURE_ID               ; 24062491136.158894399516420            ; --            ; --             ; --         ;
; MAX_CORE_JUNCTION_TEMP              ; 85                                     ; --            ; --             ; --         ;
; MIN_CORE_JUNCTION_TEMP              ; 0                                      ; --            ; --             ; --         ;
; MISC_FILE                           ; clocks_inst.vhd                        ; --            ; --             ; --         ;
; MISC_FILE                           ; clocks.cmp                             ; --            ; --             ; --         ;
; MISC_FILE                           ; clocks.ppf                             ; --            ; --             ; --         ;
; MISC_FILE                           ; clocks2_inst.vhd                       ; --            ; --             ; --         ;
; MISC_FILE                           ; clocks2.cmp                            ; --            ; --             ; --         ;
; MISC_FILE                           ; clocks2.ppf                            ; --            ; --             ; --         ;
; OUTPUT_IO_TIMING_FAR_END_VMEAS      ; Half Signal Swing                      ; --            ; --             ; --         ;
; OUTPUT_IO_TIMING_FAR_END_VMEAS      ; Half Signal Swing                      ; --            ; --             ; --         ;
; OUTPUT_IO_TIMING_NEAR_END_VMEAS     ; Half Vccio                             ; --            ; --             ; --         ;
; OUTPUT_IO_TIMING_NEAR_END_VMEAS     ; Half Vccio                             ; --            ; --             ; --         ;
; PARTITION_COLOR                     ; -- (Not supported for targeted family) ; --            ; ZXNEXT_UnAmiga ; Top        ;
; PARTITION_FITTER_PRESERVATION_LEVEL ; -- (Not supported for targeted family) ; --            ; ZXNEXT_UnAmiga ; Top        ;
; PARTITION_NETLIST_TYPE              ; -- (Not supported for targeted family) ; --            ; ZXNEXT_UnAmiga ; Top        ;
; POWER_BOARD_THERMAL_MODEL           ; None (CONSERVATIVE)                    ; --            ; --             ; --         ;
; POWER_PRESET_COOLING_SOLUTION       ; 23 MM HEAT SINK WITH 200 LFPM AIRFLOW  ; --            ; --             ; --         ;
; PROJECT_OUTPUT_DIRECTORY            ; output_files                           ; --            ; --             ; --         ;
+-------------------------------------+----------------------------------------+---------------+----------------+------------+


+--------------------------------------------------------------------------------------------------------------------------+
; Flow Elapsed Time                                                                                                        ;
+----------------------+--------------+-------------------------+---------------------+------------------------------------+
; Module Name          ; Elapsed Time ; Average Processors Used ; Peak Virtual Memory ; Total CPU Time (on all processors) ;
+----------------------+--------------+-------------------------+---------------------+------------------------------------+
; Analysis & Synthesis ; 00:01:18     ; 1.0                     ; 4962 MB             ; 00:01:30                           ;
; Fitter               ; 00:04:04     ; 1.1                     ; 5701 MB             ; 00:05:08                           ;
; Assembler            ; 00:00:03     ; 1.0                     ; 4711 MB             ; 00:00:02                           ;
; Timing Analyzer      ; 00:00:12     ; 1.5                     ; 4910 MB             ; 00:00:16                           ;
; Total                ; 00:05:37     ; --                      ; --                  ; 00:06:56                           ;
+----------------------+--------------+-------------------------+---------------------+------------------------------------+


+------------------------------------------------------------------------------------+
; Flow OS Summary                                                                    ;
+----------------------+------------------+------------+------------+----------------+
; Module Name          ; Machine Hostname ; OS Name    ; OS Version ; Processor type ;
+----------------------+------------------+------------+------------+----------------+
; Analysis & Synthesis ; DESKTOP-FTHCSD1  ; Windows 10 ; 10.0       ; x86_64         ;
; Fitter               ; DESKTOP-FTHCSD1  ; Windows 10 ; 10.0       ; x86_64         ;
; Assembler            ; DESKTOP-FTHCSD1  ; Windows 10 ; 10.0       ; x86_64         ;
; Timing Analyzer      ; DESKTOP-FTHCSD1  ; Windows 10 ; 10.0       ; x86_64         ;
+----------------------+------------------+------------+------------+----------------+


------------
; Flow Log ;
------------
quartus_map --read_settings_files=on --write_settings_files=off zxnext_UnAmiga -c zxnext_UnAmiga
quartus_fit --read_settings_files=off --write_settings_files=off zxnext_UnAmiga -c zxnext_UnAmiga
quartus_asm --read_settings_files=off --write_settings_files=off zxnext_UnAmiga -c zxnext_UnAmiga
quartus_sta zxnext_UnAmiga -c zxnext_UnAmiga



